<?xml version="1.0" encoding="UTF-8"?>
<testng-results ignored="0" total="1" passed="1" failed="0" skipped="0">
  <reporter-output>
  </reporter-output>
  <suite started-at="2024-12-09T18:27:48 IST" name="Default suite" finished-at="2024-12-09T18:28:00 IST" duration-ms="12102">
    <groups>
    </groups>
    <test started-at="2024-12-09T18:27:48 IST" name="Default test" finished-at="2024-12-09T18:28:00 IST" duration-ms="12102">
      <class name="tutorialsNimja.register.TC_RF_001">
        <test-method signature="verifyRegisterWithMandatoryField()[pri:0, instance:tutorialsNimja.register.TC_RF_001@3c41ed1d]" started-at="2024-12-09T18:27:48 IST" name="verifyRegisterWithMandatoryField" finished-at="2024-12-09T18:28:00 IST" duration-ms="12012" status="PASS">
          <reporter-output>
          </reporter-output>
        </test-method> <!-- verifyRegisterWithMandatoryField -->
      </class> <!-- tutorialsNimja.register.TC_RF_001 -->
    </test> <!-- Default test -->
  </suite> <!-- Default suite -->
</testng-results>
